============================begin============================

=====================2017-03-11 11:59:06=====================

=============================================================

Already up-to-date.


=============================================================

=====================2017-03-11 11:59:20=====================

=============================end=============================







============================begin============================

=====================2017-03-11 11:49:26=====================

=============================================================





On branch master


Your branch is up-to-date with 'origin/master'.


Changes to be committed:


  (use "git reset HEAD <file>..." to unstage)





	modified:   zz_main.log





[master b770043] '20170311-1149'


 1 file changed, 67 insertions(+)


Branch master set up to track remote branch master from origin.


=============================================================

=====================2017-03-11 11:49:28=====================

=============================end=============================







============================begin============================

=====================2017-03-11 11:49:08=====================

=============================================================





On branch master


Your branch is up-to-date with 'origin/master'.


Changes to be committed:


  (use "git reset HEAD <file>..." to unstage)





	renamed:    commit.py -> zz_commit.py


	renamed:    main.log -> zz_main.log


	renamed:    temp.log -> zz_temp.log





[master a597376] '20170311-1149'


 3 files changed, 55 insertions(+), 3 deletions(-)


 rename commit.py => zz_commit.py (91%)


 rename main.log => zz_main.log (88%)


 rename temp.log => zz_temp.log (100%)


Branch master set up to track remote branch master from origin.


=============================================================

=====================2017-03-11 11:49:10=====================

=============================end=============================







============================begin============================

=====================2017-03-11 11:47:08=====================

=============================================================





On branch master


Your branch is up-to-date with 'origin/master'.


Changes to be committed:


  (use "git reset HEAD <file>..." to unstage)





	modified:   main.log





[master 242df82] '20170311-1147'


 1 file changed, 52 insertions(+)


Branch master set up to track remote branch master from origin.


=============================================================

=====================2017-03-11 11:47:11=====================

=============================end=============================







============================begin============================

=====================2017-03-11 11:46:46=====================

=============================================================





On branch master


Your branch is up-to-date with 'origin/master'.


Changes to be committed:


  (use "git reset HEAD <file>..." to unstage)





	modified:   main.log





[master 243c60d] '20170311-1146'


 1 file changed, 55 insertions(+)


Branch master set up to track remote branch master from origin.


=============================================================

=====================2017-03-11 11:46:48=====================

=============================end=============================







============================begin============================

=====================2017-03-11 11:45:10=====================

=============================================================





On branch master


Your branch is up-to-date with 'origin/master'.


Changes to be committed:


  (use "git reset HEAD <file>..." to unstage)





	modified:   commit.py


	modified:   main.log





[master bcce7d3] '20170311-1145'


 2 files changed, 79 insertions(+), 2 deletions(-)


Branch master set up to track remote branch master from origin.


=============================================================

=====================2017-03-11 11:45:12=====================

=============================end=============================







============================begin============================

=====================2017-03-11 11:44:15=====================

=============================================================





On branch master


Your branch is up-to-date with 'origin/master'.


Changes not staged for commit:


  (use "git add <file>..." to update what will be committed)


  (use "git checkout -- <file>..." to discard changes in working directory)





	modified:   main.log





no changes added to commit (use "git add" and/or "git commit -a")


On branch master


Your branch is up-to-date with 'origin/master'.


Changes to be committed:


  (use "git reset HEAD <file>..." to unstage)





	modified:   main.log





[master 76310ff] '20170311-1144'


 1 file changed, 79 insertions(+)


Branch master set up to track remote branch master from origin.


=============================================================

=====================2017-03-11 11:44:17=====================

=============================end=============================







============================begin============================

=====================2017-03-11 11:40:42=====================

=============================================================





On branch master


Your branch is up-to-date with 'origin/master'.


Changes not staged for commit:


  (use "git add <file>..." to update what will be committed)


  (use "git checkout -- <file>..." to discard changes in working directory)





	modified:   main.log





no changes added to commit (use "git add" and/or "git commit -a")


On branch master


Your branch is up-to-date with 'origin/master'.


Changes to be committed:


  (use "git reset HEAD <file>..." to unstage)





	modified:   main.log





[master 49b74ef] '20170311-1140'


 1 file changed, 85 insertions(+)


Branch master set up to track remote branch master from origin.


=============================================================

=====================2017-03-11 11:40:44=====================

=============================end=============================







============================begin============================

=====================2017-03-11 11:40:26=====================

=============================================================





On branch master


Your branch is up-to-date with 'origin/master'.


Changes not staged for commit:


  (use "git add <file>..." to update what will be committed)


  (use "git checkout -- <file>..." to discard changes in working directory)





	modified:   commit.py


	modified:   main.log





no changes added to commit (use "git add" and/or "git commit -a")


On branch master


Your branch is up-to-date with 'origin/master'.


Changes to be committed:


  (use "git reset HEAD <file>..." to unstage)





	modified:   commit.py


	modified:   main.log





[master abdad7b] '20170311-1140'


 2 files changed, 53 insertions(+), 1 deletion(-)


Branch master set up to track remote branch master from origin.


=============================================================

=====================2017-03-11 11:40:28=====================

=============================end=============================







============================begin============================

=====================2017-03-11 11:39:34=====================

=============================================================





On branch master


Your branch is up-to-date with 'origin/master'.


nothing to commit, working tree clean


On branch master


Your branch is up-to-date with 'origin/master'.


nothing to commit, working tree clean


On branch master


Your branch is up-to-date with 'origin/master'.


nothing to commit, working tree clean


Branch master set up to track remote branch master from origin.


=============================================================

=====================2017-03-11 11:39:35=====================

=============================end=============================







